\BOOKMARK [0][-]{chapter.1}{Introduction}{}% 1
\BOOKMARK [0][-]{chapter.2}{A short abstract about TRIUMF }{}% 2
\BOOKMARK [1][-]{section.2.1}{History and Partners}{chapter.2}% 3
\BOOKMARK [2][-]{subsection.2.1.1}{History}{section.2.1}% 4
\BOOKMARK [2][-]{subsection.2.1.2}{Partners}{section.2.1}% 5
\BOOKMARK [1][-]{section.2.2}{Governance and Organization}{chapter.2}% 6
\BOOKMARK [1][-]{section.2.3}{Research topics at TRIUMF }{chapter.2}% 7
\BOOKMARK [0][-]{chapter.3}{Motivations}{}% 8
\BOOKMARK [1][-]{section.3.1}{Understand physical phenomena}{chapter.3}% 9
\BOOKMARK [2][-]{subsection.3.1.1}{Is the neutrino a Majorana particle?}{section.3.1}% 10
\BOOKMARK [2][-]{subsection.3.1.2}{From EXO-200 to nEXO}{section.3.1}% 11
\BOOKMARK [2][-]{subsection.3.1.3}{The subject of my internship}{section.3.1}% 12
\BOOKMARK [0][-]{chapter.4}{SiPM Studies}{}% 13
\BOOKMARK [1][-]{section.4.1}{Methodology}{chapter.4}% 14
\BOOKMARK [1][-]{section.4.2}{The Setup}{chapter.4}% 15
\BOOKMARK [2][-]{subsection.4.2.1}{The Xenon flash lamp }{section.4.2}% 16
\BOOKMARK [2][-]{subsection.4.2.2}{Photo-detectors and the cooling system}{section.4.2}% 17
\BOOKMARK [2][-]{subsection.4.2.3}{Temperature sensors and automation}{section.4.2}% 18
\BOOKMARK [1][-]{section.4.3}{Silicon Photo-Multiplier}{chapter.4}% 19
\BOOKMARK [2][-]{subsection.4.3.1}{Structure}{section.4.3}% 20
\BOOKMARK [2][-]{subsection.4.3.2}{Basic operation}{section.4.3}% 21
\BOOKMARK [2][-]{subsection.4.3.3}{Physical APD's operation}{section.4.3}% 22
\BOOKMARK [2][-]{subsection.4.3.4}{The three main issues of an operating SiPM}{section.4.3}% 23
\BOOKMARK [1][-]{section.4.4}{Encountered issues}{chapter.4}% 24
\BOOKMARK [2][-]{subsection.4.4.1}{Visible light leaks}{section.4.4}% 25
\BOOKMARK [2][-]{subsection.4.4.2}{Radiofrequency light leaks}{section.4.4}% 26
\BOOKMARK [1][-]{section.4.5}{Efficiency of the photo-detectors}{chapter.4}% 27
\BOOKMARK [2][-]{subsection.4.5.1}{Methodology used to calculate efficiency}{section.4.5}% 28
\BOOKMARK [2][-]{subsection.4.5.2}{Inconsistent results at -100C}{section.4.5}% 29
\BOOKMARK [2][-]{subsection.4.5.3}{Analysis: the misalignment of the light}{section.4.5}% 30
\BOOKMARK [1][-]{section.4.6}{Dark Noise rate}{chapter.4}% 31
\BOOKMARK [2][-]{subsection.4.6.1}{Methodology for dark noise}{section.4.6}% 32
\BOOKMARK [2][-]{subsection.4.6.2}{Results}{section.4.6}% 33
\BOOKMARK [2][-]{subsection.4.6.3}{Analysis: Poisson distribution}{section.4.6}% 34
\BOOKMARK [2][-]{subsection.4.6.4}{conclusion}{section.4.6}% 35
\BOOKMARK [1][-]{section.4.7}{Correlated avalanches: CT and AP}{chapter.4}% 36
\BOOKMARK [2][-]{subsection.4.7.1}{Methodology}{section.4.7}% 37
\BOOKMARK [2][-]{subsection.4.7.2}{Results}{section.4.7}% 38
\BOOKMARK [2][-]{subsection.4.7.3}{Analysis}{section.4.7}% 39
\BOOKMARK [0][-]{chapter.5}{Synthesis}{}% 40
\BOOKMARK [0][-]{chapter.6}{Professional assessments}{}% 41
\BOOKMARK [0][-]{chapter.7}{Human impact}{}% 42
\BOOKMARK [0][-]{chapter.8}{Conclusion}{}% 43
\BOOKMARK [0][-]{appendix.A}{Terminology}{}% 44
\BOOKMARK [0][-]{appendix.B}{Details about the setup}{}% 45
\BOOKMARK [1][-]{section.B.1}{Pictures of the setup}{appendix.B}% 46
\BOOKMARK [1][-]{section.B.2}{Details about waveforms}{appendix.B}% 47
\BOOKMARK [0][-]{appendix.C}{Tests}{}% 48
\BOOKMARK [1][-]{section.C.1}{Attenuation of light}{appendix.C}% 49
\BOOKMARK [1][-]{section.C.2}{Calibration of temperature sensors}{appendix.C}% 50
\BOOKMARK [1][-]{section.C.3}{Breakdown voltage calculation}{appendix.C}% 51
\BOOKMARK [1][-]{section.C.4}{Error bars calculation}{appendix.C}% 52
\BOOKMARK [2][-]{subsection.C.4.1}{PE}{section.C.4}% 53
\BOOKMARK [1][-]{section.C.5}{DN}{appendix.C}% 54
\BOOKMARK [1][-]{section.C.6}{CT}{appendix.C}% 55
\BOOKMARK [1][-]{section.C.7}{Test to check light leaks}{appendix.C}% 56
